已經開始建置於 2016/7/20 下午 03:18:53。
     1>節點 2 (Rebuild 目標) 上的專案 "D:\cssp\dlib-19.0\build_release\dlib\dlib.vcxproj"。
     1>CustomBuild:
         Building Custom Rule D:/cssp/dlib-19.0/dlib/CMakeLists.txt
         CMake does not need to re-run because D:\cssp\dlib-19.0\build_release\dlib\CMakeFiles\generate.stamp is up-to-date.
       ClCompile:
         C:\Program Files (x86)\Microsoft Visual Studio 12.0\VC\bin\x86_amd64\CL.exe /c /I"D:\cssp\dlib-19.0\dlib\external\libpng" /I"D:\cssp\dlib-19.0\dlib\external\zlib" /nologo /W3 /WX- /O2 /Ob2 /D WIN32 /D _WINDOWS /D DLIB_JPEG_SUPPORT /D DLIB_PNG_SUPPORT /D NDEBUG /D DLIB_JPEG_STATIC /D "CMAKE_INTDIR=\"Release\"" /D _MBCS /Gm- /EHsc /MD /GS /fp:precise /Zc:wchar_t /Zc:forScope /GR /Fo"dlib.dir\Release\\" /Fd"dlib.dir\Release\vc120.pdb" /Gd /TP /errorReport:prompt "D:\cssp\dlib-19.0\dlib\base64\base64_kernel_1.cpp" "D:\cssp\dlib-19.0\dlib\bigint\bigint_kernel_1.cpp" "D:\cssp\dlib-19.0\dlib\bigint\bigint_kernel_2.cpp" "D:\cssp\dlib-19.0\dlib\bit_stream\bit_stream_kernel_1.cpp" "D:\cssp\dlib-19.0\dlib\entropy_decoder\entropy_decoder_kernel_1.cpp" "D:\cssp\dlib-19.0\dlib\entropy_decoder\entropy_decoder_kernel_2.cpp" "D:\cssp\dlib-19.0\dlib\entropy_encoder\entropy_encoder_kernel_1.cpp" "D:\cssp\dlib-19.0\dlib\entropy_encoder\entropy_encoder_kernel_2.cpp" "D:\cssp\dlib-19.0\dlib\md5\md5_kernel_1.cpp" "D:\cssp\dlib-19.0\dlib\tokenizer\tokenizer_kernel_1.cpp" "D:\cssp\dlib-19.0\dlib\unicode\unicode.cpp" "D:\cssp\dlib-19.0\dlib\data_io\image_dataset_metadata.cpp" "D:\cssp\dlib-19.0\dlib\data_io\mnist.cpp" "D:\cssp\dlib-19.0\dlib\sockets\sockets_kernel_1.cpp" "D:\cssp\dlib-19.0\dlib\bsp\bsp.cpp" "D:\cssp\dlib-19.0\dlib\dir_nav\dir_nav_kernel_1.cpp" "D:\cssp\dlib-19.0\dlib\dir_nav\dir_nav_kernel_2.cpp" "D:\cssp\dlib-19.0\dlib\dir_nav\dir_nav_extensions.cpp" "D:\cssp\dlib-19.0\dlib\linker\linker_kernel_1.cpp" "D:\cssp\dlib-19.0\dlib\logger\extra_logger_headers.cpp" "D:\cssp\dlib-19.0\dlib\logger\logger_kernel_1.cpp" "D:\cssp\dlib-19.0\dlib\logger\logger_config_file.cpp" "D:\cssp\dlib-19.0\dlib\misc_api\misc_api_kernel_1.cpp" "D:\cssp\dlib-19.0\dlib\misc_api\misc_api_kernel_2.cpp" "D:\cssp\dlib-19.0\dlib\sockets\sockets_extensions.cpp" "D:\cssp\dlib-19.0\dlib\sockets\sockets_kernel_2.cpp" "D:\cssp\dlib-19.0\dlib\sockstreambuf\sockstreambuf.cpp" "D:\cssp\dlib-19.0\dlib\sockstreambuf\sockstreambuf_unbuffered.cpp" "D:\cssp\dlib-19.0\dlib\server\server_kernel.cpp" "D:\cssp\dlib-19.0\dlib\server\server_iostream.cpp" "D:\cssp\dlib-19.0\dlib\server\server_http.cpp" "D:\cssp\dlib-19.0\dlib\threads\multithreaded_object_extension.cpp" "D:\cssp\dlib-19.0\dlib\threads\threaded_object_extension.cpp" "D:\cssp\dlib-19.0\dlib\threads\threads_kernel_1.cpp" "D:\cssp\dlib-19.0\dlib\threads\threads_kernel_2.cpp" "D:\cssp\dlib-19.0\dlib\threads\threads_kernel_shared.cpp" "D:\cssp\dlib-19.0\dlib\threads\thread_pool_extension.cpp" "D:\cssp\dlib-19.0\dlib\timer\timer.cpp" "D:\cssp\dlib-19.0\dlib\stack_trace.cpp" "D:\cssp\dlib-19.0\dlib\gui_widgets\fonts.cpp" "D:\cssp\dlib-19.0\dlib\gui_widgets\widgets.cpp" "D:\cssp\dlib-19.0\dlib\gui_widgets\drawable.cpp" "D:\cssp\dlib-19.0\dlib\gui_widgets\canvas_drawing.cpp" "D:\cssp\dlib-19.0\dlib\gui_widgets\style.cpp" "D:\cssp\dlib-19.0\dlib\gui_widgets\base_widgets.cpp" "D:\cssp\dlib-19.0\dlib\gui_core\gui_core_kernel_1.cpp" "D:\cssp\dlib-19.0\dlib\gui_core\gui_core_kernel_2.cpp" "D:\cssp\dlib-19.0\dlib\image_loader\png_loader.cpp" "D:\cssp\dlib-19.0\dlib\image_saver\save_png.cpp" "D:\cssp\dlib-19.0\dlib\external\libjpeg\jcomapi.cpp" "D:\cssp\dlib-19.0\dlib\external\libjpeg\jdapimin.cpp" "D:\cssp\dlib-19.0\dlib\external\libjpeg\jdapistd.cpp" "D:\cssp\dlib-19.0\dlib\external\libjpeg\jdatasrc.cpp" "D:\cssp\dlib-19.0\dlib\external\libjpeg\jdcoefct.cpp" "D:\cssp\dlib-19.0\dlib\external\libjpeg\jdcolor.cpp" "D:\cssp\dlib-19.0\dlib\external\libjpeg\jddctmgr.cpp" "D:\cssp\dlib-19.0\dlib\external\libjpeg\jdhuff.cpp" "D:\cssp\dlib-19.0\dlib\external\libjpeg\jdinput.cpp" "D:\cssp\dlib-19.0\dlib\external\libjpeg\jdmainct.cpp" "D:\cssp\dlib-19.0\dlib\external\libjpeg\jdmarker.cpp" "D:\cssp\dlib-19.0\dlib\external\libjpeg\jdmaster.cpp" "D:\cssp\dlib-19.0\dlib\external\libjpeg\jdmerge.cpp" "D:\cssp\dlib-19.0\dlib\external\libjpeg\jdphuff.cpp" "D:\cssp\dlib-19.0\dlib\external\libjpeg\jdpostct.cpp" "D:\cssp\dlib-19.0\dlib\external\libjpeg\jdsample.cpp" "D:\cssp\dlib-19.0\dlib\external\libjpeg\jerror.cpp" "D:\cssp\dlib-19.0\dlib\external\libjpeg\jidctflt.cpp" "D:\cssp\dlib-19.0\dlib\external\libjpeg\jidctfst.cpp" "D:\cssp\dlib-19.0\dlib\external\libjpeg\jidctint.cpp" "D:\cssp\dlib-19.0\dlib\external\libjpeg\jidctred.cpp" "D:\cssp\dlib-19.0\dlib\external\libjpeg\jmemmgr.cpp" "D:\cssp\dlib-19.0\dlib\external\libjpeg\jmemnobs.cpp" "D:\cssp\dlib-19.0\dlib\external\libjpeg\jquant1.cpp" "D:\cssp\dlib-19.0\dlib\external\libjpeg\jquant2.cpp" "D:\cssp\dlib-19.0\dlib\external\libjpeg\jutils.cpp" "D:\cssp\dlib-19.0\dlib\external\libjpeg\jcapimin.cpp" "D:\cssp\dlib-19.0\dlib\external\libjpeg\jdatadst.cpp" "D:\cssp\dlib-19.0\dlib\external\libjpeg\jcparam.cpp" "D:\cssp\dlib-19.0\dlib\external\libjpeg\jcapistd.cpp" "D:\cssp\dlib-19.0\dlib\external\libjpeg\jcmarker.cpp" "D:\cssp\dlib-19.0\dlib\external\libjpeg\jcinit.cpp" "D:\cssp\dlib-19.0\dlib\external\libjpeg\jcmaster.cpp" "D:\cssp\dlib-19.0\dlib\external\libjpeg\jcdctmgr.cpp" "D:\cssp\dlib-19.0\dlib\external\libjpeg\jccoefct.cpp" "D:\cssp\dlib-19.0\dlib\external\libjpeg\jccolor.cpp" "D:\cssp\dlib-19.0\dlib\external\libjpeg\jchuff.cpp" "D:\cssp\dlib-19.0\dlib\external\libjpeg\jcmainct.cpp" "D:\cssp\dlib-19.0\dlib\external\libjpeg\jcphuff.cpp" "D:\cssp\dlib-19.0\dlib\external\libjpeg\jcprepct.cpp" "D:\cssp\dlib-19.0\dlib\external\libjpeg\jcsample.cpp" "D:\cssp\dlib-19.0\dlib\external\libjpeg\jfdctint.cpp" "D:\cssp\dlib-19.0\dlib\external\libjpeg\jfdctflt.cpp" "D:\cssp\dlib-19.0\dlib\external\libjpeg\jfdctfst.cpp" "D:\cssp\dlib-19.0\dlib\image_loader\jpeg_loader.cpp" "D:\cssp\dlib-19.0\dlib\image_saver\save_jpeg.cpp"
         base64_kernel_1.cpp
         bigint_kernel_1.cpp
         bigint_kernel_2.cpp
         bit_stream_kernel_1.cpp
         entropy_decoder_kernel_1.cpp
         entropy_decoder_kernel_2.cpp
         entropy_encoder_kernel_1.cpp
         entropy_encoder_kernel_2.cpp
         md5_kernel_1.cpp
         tokenizer_kernel_1.cpp
         unicode.cpp
         image_dataset_metadata.cpp
     1>d:\cssp\dlib-19.0\dlib\matrix\../general_hash/random_hashing.h(685): warning C4819: 檔案含有無法在目前字碼頁 (950) 中表示的字元。請以 Unicode 格式儲存檔案以防止資料遺失
         mnist.cpp
     1>d:\cssp\dlib-19.0\dlib\matrix\../general_hash/random_hashing.h(685): warning C4819: 檔案含有無法在目前字碼頁 (950) 中表示的字元。請以 Unicode 格式儲存檔案以防止資料遺失
         sockets_kernel_1.cpp
         bsp.cpp
         dir_nav_kernel_1.cpp
         dir_nav_kernel_2.cpp
         dir_nav_extensions.cpp
         linker_kernel_1.cpp
         extra_logger_headers.cpp
         正在產生程式碼...
         正在編譯...
         logger_kernel_1.cpp
         logger_config_file.cpp
         misc_api_kernel_1.cpp
         misc_api_kernel_2.cpp
         sockets_extensions.cpp
         sockets_kernel_2.cpp
         sockstreambuf.cpp
         sockstreambuf_unbuffered.cpp
         server_kernel.cpp
         server_iostream.cpp
         server_http.cpp
         multithreaded_object_extension.cpp
         threaded_object_extension.cpp
         threads_kernel_1.cpp
         threads_kernel_2.cpp
         threads_kernel_shared.cpp
         thread_pool_extension.cpp
         timer.cpp
         stack_trace.cpp
         fonts.cpp
     1>d:\cssp\dlib-19.0\dlib\matrix\../general_hash/random_hashing.h(685): warning C4819: 檔案含有無法在目前字碼頁 (950) 中表示的字元。請以 Unicode 格式儲存檔案以防止資料遺失
         正在產生程式碼...
         正在編譯...
         widgets.cpp
     1>d:\cssp\dlib-19.0\dlib\matrix\../general_hash/random_hashing.h(685): warning C4819: 檔案含有無法在目前字碼頁 (950) 中表示的字元。請以 Unicode 格式儲存檔案以防止資料遺失
         drawable.cpp
     1>d:\cssp\dlib-19.0\dlib\matrix\../general_hash/random_hashing.h(685): warning C4819: 檔案含有無法在目前字碼頁 (950) 中表示的字元。請以 Unicode 格式儲存檔案以防止資料遺失
         canvas_drawing.cpp
     1>d:\cssp\dlib-19.0\dlib\matrix\../general_hash/random_hashing.h(685): warning C4819: 檔案含有無法在目前字碼頁 (950) 中表示的字元。請以 Unicode 格式儲存檔案以防止資料遺失
         style.cpp
     1>d:\cssp\dlib-19.0\dlib\matrix\../general_hash/random_hashing.h(685): warning C4819: 檔案含有無法在目前字碼頁 (950) 中表示的字元。請以 Unicode 格式儲存檔案以防止資料遺失
         base_widgets.cpp
     1>d:\cssp\dlib-19.0\dlib\matrix\../general_hash/random_hashing.h(685): warning C4819: 檔案含有無法在目前字碼頁 (950) 中表示的字元。請以 Unicode 格式儲存檔案以防止資料遺失
         gui_core_kernel_1.cpp
         gui_core_kernel_2.cpp
         png_loader.cpp
     1>d:\cssp\dlib-19.0\dlib\matrix\../general_hash/random_hashing.h(685): warning C4819: 檔案含有無法在目前字碼頁 (950) 中表示的字元。請以 Unicode 格式儲存檔案以防止資料遺失
         save_png.cpp
     1>d:\cssp\dlib-19.0\dlib\matrix\../general_hash/random_hashing.h(685): warning C4819: 檔案含有無法在目前字碼頁 (950) 中表示的字元。請以 Unicode 格式儲存檔案以防止資料遺失
         jcomapi.cpp
         jdapimin.cpp
         jdapistd.cpp
         jdatasrc.cpp
         jdcoefct.cpp
         jdcolor.cpp
         jddctmgr.cpp
         jdhuff.cpp
         jdinput.cpp
         jdmainct.cpp
         jdmarker.cpp
         正在產生程式碼...
         正在編譯...
         jdmaster.cpp
         jdmerge.cpp
         jdphuff.cpp
         jdpostct.cpp
         jdsample.cpp
         jerror.cpp
         jidctflt.cpp
         jidctfst.cpp
         jidctint.cpp
         jidctred.cpp
         jmemmgr.cpp
         jmemnobs.cpp
         jquant1.cpp
         jquant2.cpp
         jutils.cpp
         jcapimin.cpp
         jdatadst.cpp
         jcparam.cpp
         jcapistd.cpp
         jcmarker.cpp
         正在產生程式碼...
         正在編譯...
         jcinit.cpp
         jcmaster.cpp
         jcdctmgr.cpp
         jccoefct.cpp
         jccolor.cpp
         jchuff.cpp
         jcmainct.cpp
         jcphuff.cpp
         jcprepct.cpp
         jcsample.cpp
         jfdctint.cpp
         jfdctflt.cpp
         jfdctfst.cpp
         jpeg_loader.cpp
     1>d:\cssp\dlib-19.0\dlib\matrix\../general_hash/random_hashing.h(685): warning C4819: 檔案含有無法在目前字碼頁 (950) 中表示的字元。請以 Unicode 格式儲存檔案以防止資料遺失
         save_jpeg.cpp
     1>d:\cssp\dlib-19.0\dlib\matrix\../general_hash/random_hashing.h(685): warning C4819: 檔案含有無法在目前字碼頁 (950) 中表示的字元。請以 Unicode 格式儲存檔案以防止資料遺失
         正在產生程式碼...
         C:\Program Files (x86)\Microsoft Visual Studio 12.0\VC\bin\x86_amd64\CL.exe /c /I"D:\cssp\dlib-19.0\dlib\external\libpng" /I"D:\cssp\dlib-19.0\dlib\external\zlib" /nologo /W3 /WX- /O2 /Ob2 /D WIN32 /D _WINDOWS /D DLIB_JPEG_SUPPORT /D DLIB_PNG_SUPPORT /D NDEBUG /D DLIB_JPEG_STATIC /D "CMAKE_INTDIR=\"Release\"" /D _MBCS /Gm- /EHsc /MD /GS /fp:precise /Zc:wchar_t /Zc:forScope /GR /Fo"dlib.dir\Release\\" /Fd"dlib.dir\Release\vc120.pdb" /Gd /TC /errorReport:prompt "D:\cssp\dlib-19.0\dlib\external\libpng\png.c" "D:\cssp\dlib-19.0\dlib\external\libpng\pngerror.c" "D:\cssp\dlib-19.0\dlib\external\libpng\pngget.c" "D:\cssp\dlib-19.0\dlib\external\libpng\pngmem.c" "D:\cssp\dlib-19.0\dlib\external\libpng\pngpread.c" "D:\cssp\dlib-19.0\dlib\external\libpng\pngread.c" "D:\cssp\dlib-19.0\dlib\external\libpng\pngrio.c" "D:\cssp\dlib-19.0\dlib\external\libpng\pngrtran.c" "D:\cssp\dlib-19.0\dlib\external\libpng\pngrutil.c" "D:\cssp\dlib-19.0\dlib\external\libpng\pngset.c" "D:\cssp\dlib-19.0\dlib\external\libpng\pngtrans.c" "D:\cssp\dlib-19.0\dlib\external\libpng\pngwio.c" "D:\cssp\dlib-19.0\dlib\external\libpng\pngwrite.c" "D:\cssp\dlib-19.0\dlib\external\libpng\pngwtran.c" "D:\cssp\dlib-19.0\dlib\external\libpng\pngwutil.c" "D:\cssp\dlib-19.0\dlib\external\zlib\adler32.c" "D:\cssp\dlib-19.0\dlib\external\zlib\compress.c" "D:\cssp\dlib-19.0\dlib\external\zlib\crc32.c" "D:\cssp\dlib-19.0\dlib\external\zlib\deflate.c" "D:\cssp\dlib-19.0\dlib\external\zlib\gzclose.c" "D:\cssp\dlib-19.0\dlib\external\zlib\gzlib.c" "D:\cssp\dlib-19.0\dlib\external\zlib\gzread.c" "D:\cssp\dlib-19.0\dlib\external\zlib\gzwrite.c" "D:\cssp\dlib-19.0\dlib\external\zlib\infback.c" "D:\cssp\dlib-19.0\dlib\external\zlib\inffast.c" "D:\cssp\dlib-19.0\dlib\external\zlib\inflate.c" "D:\cssp\dlib-19.0\dlib\external\zlib\inftrees.c" "D:\cssp\dlib-19.0\dlib\external\zlib\trees.c" "D:\cssp\dlib-19.0\dlib\external\zlib\uncompr.c" "D:\cssp\dlib-19.0\dlib\external\zlib\zutil.c"
         png.c
         pngerror.c
         pngget.c
         pngmem.c
         pngpread.c
         pngread.c
         pngrio.c
         pngrtran.c
         pngrutil.c
         pngset.c
         pngtrans.c
         pngwio.c
         pngwrite.c
         pngwtran.c
         pngwutil.c
         adler32.c
         compress.c
         crc32.c
         deflate.c
         gzclose.c
         正在產生程式碼...
         正在編譯...
         gzlib.c
         gzread.c
         gzwrite.c
         infback.c
         inffast.c
         inflate.c
         inftrees.c
         trees.c
         uncompr.c
         zutil.c
         正在產生程式碼...
       Lib:
         C:\Program Files (x86)\Microsoft Visual Studio 12.0\VC\bin\x86_amd64\Lib.exe /OUT:"D:\cssp\dlib-19.0\build_release\dlib\Release\dlib.lib" /NOLOGO /MACHINE:X64  /machine:x64 dlib.dir\Release\base64_kernel_1.obj
         dlib.dir\Release\bigint_kernel_1.obj
         dlib.dir\Release\bigint_kernel_2.obj
         dlib.dir\Release\bit_stream_kernel_1.obj
         dlib.dir\Release\entropy_decoder_kernel_1.obj
         dlib.dir\Release\entropy_decoder_kernel_2.obj
         dlib.dir\Release\entropy_encoder_kernel_1.obj
         dlib.dir\Release\entropy_encoder_kernel_2.obj
         dlib.dir\Release\md5_kernel_1.obj
         dlib.dir\Release\tokenizer_kernel_1.obj
         dlib.dir\Release\unicode.obj
         dlib.dir\Release\image_dataset_metadata.obj
         dlib.dir\Release\mnist.obj
         dlib.dir\Release\sockets_kernel_1.obj
         dlib.dir\Release\bsp.obj
         dlib.dir\Release\dir_nav_kernel_1.obj
         dlib.dir\Release\dir_nav_kernel_2.obj
         dlib.dir\Release\dir_nav_extensions.obj
         dlib.dir\Release\linker_kernel_1.obj
         dlib.dir\Release\extra_logger_headers.obj
         dlib.dir\Release\logger_kernel_1.obj
         dlib.dir\Release\logger_config_file.obj
         dlib.dir\Release\misc_api_kernel_1.obj
         dlib.dir\Release\misc_api_kernel_2.obj
         dlib.dir\Release\sockets_extensions.obj
         dlib.dir\Release\sockets_kernel_2.obj
         dlib.dir\Release\sockstreambuf.obj
         dlib.dir\Release\sockstreambuf_unbuffered.obj
         dlib.dir\Release\server_kernel.obj
         dlib.dir\Release\server_iostream.obj
         dlib.dir\Release\server_http.obj
         dlib.dir\Release\multithreaded_object_extension.obj
         dlib.dir\Release\threaded_object_extension.obj
         dlib.dir\Release\threads_kernel_1.obj
         dlib.dir\Release\threads_kernel_2.obj
         dlib.dir\Release\threads_kernel_shared.obj
         dlib.dir\Release\thread_pool_extension.obj
         dlib.dir\Release\timer.obj
         dlib.dir\Release\stack_trace.obj
         dlib.dir\Release\fonts.obj
         dlib.dir\Release\widgets.obj
         dlib.dir\Release\drawable.obj
         dlib.dir\Release\canvas_drawing.obj
         dlib.dir\Release\style.obj
         dlib.dir\Release\base_widgets.obj
         dlib.dir\Release\gui_core_kernel_1.obj
         dlib.dir\Release\gui_core_kernel_2.obj
         dlib.dir\Release\png.obj
         dlib.dir\Release\pngerror.obj
         dlib.dir\Release\pngget.obj
         dlib.dir\Release\pngmem.obj
         dlib.dir\Release\pngpread.obj
         dlib.dir\Release\pngread.obj
         dlib.dir\Release\pngrio.obj
         dlib.dir\Release\pngrtran.obj
         dlib.dir\Release\pngrutil.obj
         dlib.dir\Release\pngset.obj
         dlib.dir\Release\pngtrans.obj
         dlib.dir\Release\pngwio.obj
         dlib.dir\Release\pngwrite.obj
         dlib.dir\Release\pngwtran.obj
         dlib.dir\Release\pngwutil.obj
         dlib.dir\Release\adler32.obj
         dlib.dir\Release\compress.obj
         dlib.dir\Release\crc32.obj
         dlib.dir\Release\deflate.obj
         dlib.dir\Release\gzclose.obj
         dlib.dir\Release\gzlib.obj
         dlib.dir\Release\gzread.obj
         dlib.dir\Release\gzwrite.obj
         dlib.dir\Release\infback.obj
         dlib.dir\Release\inffast.obj
         dlib.dir\Release\inflate.obj
         dlib.dir\Release\inftrees.obj
         dlib.dir\Release\trees.obj
         dlib.dir\Release\uncompr.obj
         dlib.dir\Release\zutil.obj
         dlib.dir\Release\png_loader.obj
         dlib.dir\Release\save_png.obj
         dlib.dir\Release\jcomapi.obj
         dlib.dir\Release\jdapimin.obj
         dlib.dir\Release\jdapistd.obj
         dlib.dir\Release\jdatasrc.obj
         dlib.dir\Release\jdcoefct.obj
         dlib.dir\Release\jdcolor.obj
         dlib.dir\Release\jddctmgr.obj
         dlib.dir\Release\jdhuff.obj
         dlib.dir\Release\jdinput.obj
         dlib.dir\Release\jdmainct.obj
         dlib.dir\Release\jdmarker.obj
         dlib.dir\Release\jdmaster.obj
         dlib.dir\Release\jdmerge.obj
         dlib.dir\Release\jdphuff.obj
         dlib.dir\Release\jdpostct.obj
         dlib.dir\Release\jdsample.obj
         dlib.dir\Release\jerror.obj
         dlib.dir\Release\jidctflt.obj
         dlib.dir\Release\jidctfst.obj
         dlib.dir\Release\jidctint.obj
         dlib.dir\Release\jidctred.obj
         dlib.dir\Release\jmemmgr.obj
         dlib.dir\Release\jmemnobs.obj
         dlib.dir\Release\jquant1.obj
         dlib.dir\Release\jquant2.obj
         dlib.dir\Release\jutils.obj
         dlib.dir\Release\jcapimin.obj
         dlib.dir\Release\jdatadst.obj
         dlib.dir\Release\jcparam.obj
         dlib.dir\Release\jcapistd.obj
         dlib.dir\Release\jcmarker.obj
         dlib.dir\Release\jcinit.obj
         dlib.dir\Release\jcmaster.obj
         dlib.dir\Release\jcdctmgr.obj
         dlib.dir\Release\jccoefct.obj
         dlib.dir\Release\jccolor.obj
         dlib.dir\Release\jchuff.obj
         dlib.dir\Release\jcmainct.obj
         dlib.dir\Release\jcphuff.obj
         dlib.dir\Release\jcprepct.obj
         dlib.dir\Release\jcsample.obj
         dlib.dir\Release\jfdctint.obj
         dlib.dir\Release\jfdctflt.obj
         dlib.dir\Release\jfdctfst.obj
         dlib.dir\Release\jpeg_loader.obj
         dlib.dir\Release\save_jpeg.obj
         dlib.vcxproj -> D:\cssp\dlib-19.0\build_release\dlib\Release\dlib.lib
     1>專案 "D:\cssp\dlib-19.0\build_release\dlib\dlib.vcxproj" (Rebuild 目標) 建置完成。

建置成功。

經過時間 00:01:25.78
