Determining if the pthread_create exist failed with the following output:
Change Dir: /home/pi/Desktop/hackillinois/dlib-19.0 (vc14)/CMakeFiles/CMakeTmp

Run Build Command:"/usr/bin/make" "cmTC_a26d7/fast"
/usr/bin/make -f CMakeFiles/cmTC_a26d7.dir/build.make CMakeFiles/cmTC_a26d7.dir/build
make[1]: Entering directory '/home/pi/Desktop/hackillinois/dlib-19.0 (vc14)/CMakeFiles/CMakeTmp'
Building C object CMakeFiles/cmTC_a26d7.dir/CheckSymbolExists.c.o
/usr/bin/cc     -o CMakeFiles/cmTC_a26d7.dir/CheckSymbolExists.c.o   -c "/home/pi/Desktop/hackillinois/dlib-19.0 (vc14)/CMakeFiles/CMakeTmp/CheckSymbolExists.c"
Linking C executable cmTC_a26d7
/usr/bin/cmake -E cmake_link_script CMakeFiles/cmTC_a26d7.dir/link.txt --verbose=1
/usr/bin/cc       CMakeFiles/cmTC_a26d7.dir/CheckSymbolExists.c.o  -o cmTC_a26d7 -rdynamic 
CMakeFiles/cmTC_a26d7.dir/CheckSymbolExists.c.o: In function `main':
CheckSymbolExists.c:(.text+0x38): undefined reference to `pthread_create'
collect2: error: ld returned 1 exit status
CMakeFiles/cmTC_a26d7.dir/build.make:97: recipe for target 'cmTC_a26d7' failed
make[1]: *** [cmTC_a26d7] Error 1
make[1]: Leaving directory '/home/pi/Desktop/hackillinois/dlib-19.0 (vc14)/CMakeFiles/CMakeTmp'
Makefile:126: recipe for target 'cmTC_a26d7/fast' failed
make: *** [cmTC_a26d7/fast] Error 2

File /home/pi/Desktop/hackillinois/dlib-19.0 (vc14)/CMakeFiles/CMakeTmp/CheckSymbolExists.c:
/* */
#include <pthread.h>

int main(int argc, char** argv)
{
  (void)argv;
#ifndef pthread_create
  return ((int*)(&pthread_create))[argc];
#else
  (void)argc;
  return 0;
#endif
}

Determining if the function pthread_create exists in the pthreads failed with the following output:
Change Dir: /home/pi/Desktop/hackillinois/dlib-19.0 (vc14)/CMakeFiles/CMakeTmp

Run Build Command:"/usr/bin/make" "cmTC_a1aed/fast"
/usr/bin/make -f CMakeFiles/cmTC_a1aed.dir/build.make CMakeFiles/cmTC_a1aed.dir/build
make[1]: Entering directory '/home/pi/Desktop/hackillinois/dlib-19.0 (vc14)/CMakeFiles/CMakeTmp'
Building C object CMakeFiles/cmTC_a1aed.dir/CheckFunctionExists.c.o
/usr/bin/cc    -DCHECK_FUNCTION_EXISTS=pthread_create   -o CMakeFiles/cmTC_a1aed.dir/CheckFunctionExists.c.o   -c /usr/share/cmake-3.6/Modules/CheckFunctionExists.c
Linking C executable cmTC_a1aed
/usr/bin/cmake -E cmake_link_script CMakeFiles/cmTC_a1aed.dir/link.txt --verbose=1
/usr/bin/cc   -DCHECK_FUNCTION_EXISTS=pthread_create    CMakeFiles/cmTC_a1aed.dir/CheckFunctionExists.c.o  -o cmTC_a1aed -rdynamic -lpthreads 
/usr/bin/ld: cannot find -lpthreads
collect2: error: ld returned 1 exit status
CMakeFiles/cmTC_a1aed.dir/build.make:97: recipe for target 'cmTC_a1aed' failed
make[1]: *** [cmTC_a1aed] Error 1
make[1]: Leaving directory '/home/pi/Desktop/hackillinois/dlib-19.0 (vc14)/CMakeFiles/CMakeTmp'
Makefile:126: recipe for target 'cmTC_a1aed/fast' failed
make: *** [cmTC_a1aed/fast] Error 2


