d:\cssp\dlib-19.0\build\dlib.dir\debug\vc120.pdb
d:\cssp\dlib-19.0\build\dlib.dir\debug\extra_logger_headers.obj
d:\cssp\dlib-19.0\build\dlib.dir\debug\linker_kernel_1.obj
d:\cssp\dlib-19.0\build\dlib.dir\debug\dir_nav_extensions.obj
d:\cssp\dlib-19.0\build\dlib.dir\debug\dir_nav_kernel_2.obj
d:\cssp\dlib-19.0\build\dlib.dir\debug\dir_nav_kernel_1.obj
d:\cssp\dlib-19.0\build\dlib.dir\debug\bsp.obj
d:\cssp\dlib-19.0\build\dlib.dir\debug\sockets_kernel_1.obj
d:\cssp\dlib-19.0\build\dlib.dir\debug\mnist.obj
d:\cssp\dlib-19.0\build\dlib.dir\debug\image_dataset_metadata.obj
d:\cssp\dlib-19.0\build\dlib.dir\debug\unicode.obj
d:\cssp\dlib-19.0\build\dlib.dir\debug\tokenizer_kernel_1.obj
d:\cssp\dlib-19.0\build\dlib.dir\debug\md5_kernel_1.obj
d:\cssp\dlib-19.0\build\dlib.dir\debug\entropy_encoder_kernel_2.obj
d:\cssp\dlib-19.0\build\dlib.dir\debug\entropy_encoder_kernel_1.obj
d:\cssp\dlib-19.0\build\dlib.dir\debug\entropy_decoder_kernel_2.obj
d:\cssp\dlib-19.0\build\dlib.dir\debug\entropy_decoder_kernel_1.obj
d:\cssp\dlib-19.0\build\dlib.dir\debug\bit_stream_kernel_1.obj
d:\cssp\dlib-19.0\build\dlib.dir\debug\bigint_kernel_2.obj
d:\cssp\dlib-19.0\build\dlib.dir\debug\bigint_kernel_1.obj
d:\cssp\dlib-19.0\build\dlib.dir\debug\base64_kernel_1.obj
d:\cssp\dlib-19.0\build\dlib.dir\debug\fonts.obj
d:\cssp\dlib-19.0\build\dlib.dir\debug\stack_trace.obj
d:\cssp\dlib-19.0\build\dlib.dir\debug\timer.obj
d:\cssp\dlib-19.0\build\dlib.dir\debug\thread_pool_extension.obj
d:\cssp\dlib-19.0\build\dlib.dir\debug\threads_kernel_shared.obj
d:\cssp\dlib-19.0\build\dlib.dir\debug\threads_kernel_2.obj
d:\cssp\dlib-19.0\build\dlib.dir\debug\threads_kernel_1.obj
d:\cssp\dlib-19.0\build\dlib.dir\debug\threaded_object_extension.obj
d:\cssp\dlib-19.0\build\dlib.dir\debug\multithreaded_object_extension.obj
d:\cssp\dlib-19.0\build\dlib.dir\debug\server_http.obj
d:\cssp\dlib-19.0\build\dlib.dir\debug\server_iostream.obj
d:\cssp\dlib-19.0\build\dlib.dir\debug\server_kernel.obj
d:\cssp\dlib-19.0\build\dlib.dir\debug\sockstreambuf_unbuffered.obj
d:\cssp\dlib-19.0\build\dlib.dir\debug\sockstreambuf.obj
d:\cssp\dlib-19.0\build\dlib.dir\debug\sockets_kernel_2.obj
d:\cssp\dlib-19.0\build\dlib.dir\debug\sockets_extensions.obj
d:\cssp\dlib-19.0\build\dlib.dir\debug\misc_api_kernel_2.obj
d:\cssp\dlib-19.0\build\dlib.dir\debug\misc_api_kernel_1.obj
d:\cssp\dlib-19.0\build\dlib.dir\debug\logger_config_file.obj
d:\cssp\dlib-19.0\build\dlib.dir\debug\logger_kernel_1.obj
d:\cssp\dlib-19.0\build\dlib.dir\debug\jdmarker.obj
d:\cssp\dlib-19.0\build\dlib.dir\debug\jdmainct.obj
d:\cssp\dlib-19.0\build\dlib.dir\debug\jdinput.obj
d:\cssp\dlib-19.0\build\dlib.dir\debug\jdhuff.obj
d:\cssp\dlib-19.0\build\dlib.dir\debug\jddctmgr.obj
d:\cssp\dlib-19.0\build\dlib.dir\debug\jdcolor.obj
d:\cssp\dlib-19.0\build\dlib.dir\debug\jdcoefct.obj
d:\cssp\dlib-19.0\build\dlib.dir\debug\jdatasrc.obj
d:\cssp\dlib-19.0\build\dlib.dir\debug\jdapistd.obj
d:\cssp\dlib-19.0\build\dlib.dir\debug\jdapimin.obj
d:\cssp\dlib-19.0\build\dlib.dir\debug\jcomapi.obj
d:\cssp\dlib-19.0\build\dlib.dir\debug\save_png.obj
d:\cssp\dlib-19.0\build\dlib.dir\debug\png_loader.obj
d:\cssp\dlib-19.0\build\dlib.dir\debug\gui_core_kernel_2.obj
d:\cssp\dlib-19.0\build\dlib.dir\debug\gui_core_kernel_1.obj
d:\cssp\dlib-19.0\build\dlib.dir\debug\base_widgets.obj
d:\cssp\dlib-19.0\build\dlib.dir\debug\style.obj
d:\cssp\dlib-19.0\build\dlib.dir\debug\canvas_drawing.obj
d:\cssp\dlib-19.0\build\dlib.dir\debug\drawable.obj
d:\cssp\dlib-19.0\build\dlib.dir\debug\widgets.obj
d:\cssp\dlib-19.0\build\dlib.dir\debug\jcmarker.obj
d:\cssp\dlib-19.0\build\dlib.dir\debug\jcapistd.obj
d:\cssp\dlib-19.0\build\dlib.dir\debug\jcparam.obj
d:\cssp\dlib-19.0\build\dlib.dir\debug\jdatadst.obj
d:\cssp\dlib-19.0\build\dlib.dir\debug\jcapimin.obj
d:\cssp\dlib-19.0\build\dlib.dir\debug\jutils.obj
d:\cssp\dlib-19.0\build\dlib.dir\debug\jquant2.obj
d:\cssp\dlib-19.0\build\dlib.dir\debug\jquant1.obj
d:\cssp\dlib-19.0\build\dlib.dir\debug\jmemnobs.obj
d:\cssp\dlib-19.0\build\dlib.dir\debug\jmemmgr.obj
d:\cssp\dlib-19.0\build\dlib.dir\debug\jidctred.obj
d:\cssp\dlib-19.0\build\dlib.dir\debug\jidctint.obj
d:\cssp\dlib-19.0\build\dlib.dir\debug\jidctfst.obj
d:\cssp\dlib-19.0\build\dlib.dir\debug\jidctflt.obj
d:\cssp\dlib-19.0\build\dlib.dir\debug\jerror.obj
d:\cssp\dlib-19.0\build\dlib.dir\debug\jdsample.obj
d:\cssp\dlib-19.0\build\dlib.dir\debug\jdpostct.obj
d:\cssp\dlib-19.0\build\dlib.dir\debug\jdphuff.obj
d:\cssp\dlib-19.0\build\dlib.dir\debug\jdmerge.obj
d:\cssp\dlib-19.0\build\dlib.dir\debug\jdmaster.obj
d:\cssp\dlib-19.0\build\dlib.dir\debug\save_jpeg.obj
d:\cssp\dlib-19.0\build\dlib.dir\debug\jpeg_loader.obj
d:\cssp\dlib-19.0\build\dlib.dir\debug\jfdctfst.obj
d:\cssp\dlib-19.0\build\dlib.dir\debug\jfdctflt.obj
d:\cssp\dlib-19.0\build\dlib.dir\debug\jfdctint.obj
d:\cssp\dlib-19.0\build\dlib.dir\debug\jcsample.obj
d:\cssp\dlib-19.0\build\dlib.dir\debug\jcprepct.obj
d:\cssp\dlib-19.0\build\dlib.dir\debug\jcphuff.obj
d:\cssp\dlib-19.0\build\dlib.dir\debug\jcmainct.obj
d:\cssp\dlib-19.0\build\dlib.dir\debug\jchuff.obj
d:\cssp\dlib-19.0\build\dlib.dir\debug\jccolor.obj
d:\cssp\dlib-19.0\build\dlib.dir\debug\jccoefct.obj
d:\cssp\dlib-19.0\build\dlib.dir\debug\jcdctmgr.obj
d:\cssp\dlib-19.0\build\dlib.dir\debug\jcmaster.obj
d:\cssp\dlib-19.0\build\dlib.dir\debug\jcinit.obj
d:\cssp\dlib-19.0\build\dlib.dir\debug\gzclose.obj
d:\cssp\dlib-19.0\build\dlib.dir\debug\deflate.obj
d:\cssp\dlib-19.0\build\dlib.dir\debug\crc32.obj
d:\cssp\dlib-19.0\build\dlib.dir\debug\compress.obj
d:\cssp\dlib-19.0\build\dlib.dir\debug\adler32.obj
d:\cssp\dlib-19.0\build\dlib.dir\debug\pngwutil.obj
d:\cssp\dlib-19.0\build\dlib.dir\debug\pngwtran.obj
d:\cssp\dlib-19.0\build\dlib.dir\debug\pngwrite.obj
d:\cssp\dlib-19.0\build\dlib.dir\debug\pngwio.obj
d:\cssp\dlib-19.0\build\dlib.dir\debug\pngtrans.obj
d:\cssp\dlib-19.0\build\dlib.dir\debug\pngset.obj
d:\cssp\dlib-19.0\build\dlib.dir\debug\pngrutil.obj
d:\cssp\dlib-19.0\build\dlib.dir\debug\pngrtran.obj
d:\cssp\dlib-19.0\build\dlib.dir\debug\pngrio.obj
d:\cssp\dlib-19.0\build\dlib.dir\debug\pngread.obj
d:\cssp\dlib-19.0\build\dlib.dir\debug\pngpread.obj
d:\cssp\dlib-19.0\build\dlib.dir\debug\pngmem.obj
d:\cssp\dlib-19.0\build\dlib.dir\debug\pngget.obj
d:\cssp\dlib-19.0\build\dlib.dir\debug\pngerror.obj
d:\cssp\dlib-19.0\build\dlib.dir\debug\png.obj
d:\cssp\dlib-19.0\build\dlib.dir\debug\zutil.obj
d:\cssp\dlib-19.0\build\dlib.dir\debug\uncompr.obj
d:\cssp\dlib-19.0\build\dlib.dir\debug\trees.obj
d:\cssp\dlib-19.0\build\dlib.dir\debug\inftrees.obj
d:\cssp\dlib-19.0\build\dlib.dir\debug\inflate.obj
d:\cssp\dlib-19.0\build\dlib.dir\debug\inffast.obj
d:\cssp\dlib-19.0\build\dlib.dir\debug\infback.obj
d:\cssp\dlib-19.0\build\dlib.dir\debug\gzwrite.obj
d:\cssp\dlib-19.0\build\dlib.dir\debug\gzread.obj
d:\cssp\dlib-19.0\build\dlib.dir\debug\gzlib.obj
d:\cssp\dlib-19.0\build\cmakefiles\generate.stamp
d:\cssp\dlib-19.0\build\debug\dlib.lib
d:\cssp\dlib-19.0\build\dlib.dir\debug\dlib.tlog\cl.command.1.tlog
d:\cssp\dlib-19.0\build\dlib.dir\debug\dlib.tlog\cl.read.1.tlog
d:\cssp\dlib-19.0\build\dlib.dir\debug\dlib.tlog\cl.write.1.tlog
d:\cssp\dlib-19.0\build\dlib.dir\debug\dlib.tlog\custombuild.command.1.tlog
d:\cssp\dlib-19.0\build\dlib.dir\debug\dlib.tlog\custombuild.read.1.tlog
d:\cssp\dlib-19.0\build\dlib.dir\debug\dlib.tlog\custombuild.write.1.tlog
d:\cssp\dlib-19.0\build\dlib.dir\debug\dlib.tlog\lib-link.read.1.tlog
d:\cssp\dlib-19.0\build\dlib.dir\debug\dlib.tlog\lib-link.write.1.tlog
d:\cssp\dlib-19.0\build\dlib.dir\debug\dlib.tlog\lib.command.1.tlog
